<?xml version="1.0" encoding="UTF-8" ?>
<!DOCTYPE mapper PUBLIC "-//mybatis.org//DTD Mapper 3.0//EN"
  "http://mybatis.org/dtd/mybatis-3-mapper.dtd">
  
<mapper namespace="TestListDAO">
	<select id="getTestList" resultType="testList">
		SELECT 
			* 
		FROM 
			USERLIST;
	</select>
	
	<select id="getTestUser" resultType="testList">
		SELECT 
			* 
		FROM 
			USERLIST 
		WHERE 
			ID = #{id};
	</select>
	
	<insert id="insertTestUser">
		INSERT
		INTO
			USERLIST (
				ID,
				PASSWORD,
				NAME,
				PHONE
			)
			VALUES (
				#{id},
				#{password},
				#{name},
				#{phone}
			);
	</insert>
	
	<update id="updateTestUser">
		UPDATE
			USERLIST
		SET
			PHONE = #{phone}
		WHERE
			ID = #{id};
	</update>
	
	<delete id="deleteTestUser">
		DELETE 
		FROM
			USERLIST
		WHERE
			ID = #{id};
	</delete>
</mapper>
